[2020-02-18 13:11:46] - INFO - Hi: %d
[2020-02-18 13:15:09] - INFO - Hi: %d
[2020-02-18 13:15:37] - INFO - Hi: 
[2020-02-18 13:16:22] - INFO - Hi: 12
[2020-02-18 13:16:57] - INFO - Hi: 12
[2020-02-18 13:38:59] - INFO - play_steps = 2 1 3 4  win = 2
[2020-02-18 13:39:44] - INFO - play_steps = 2 1 3 4 7  win = 2
[2020-02-18 13:42:40] - INFO - play_steps= 40 48 30 22 50 41 20 10 60  winner= 1
[2020-02-18 13:47:47] - INFO - play_steps= -1 34 40 39 32 61 48 24 56 64 16 80 50 49 30 60 20 10 70 31 23 41 59 57 33 73 65 44 51 14 21 4  winner= 2
[2020-02-18 13:50:09] - INFO - play_steps= 40 53 50 30 32 57 48 41 24 44 16  winner= 1
[2020-02-18 13:52:36] - INFO - play_steps= -1 42 40 44 50 30 48 24 49 51 47 46 41 33 32 15  winner= 2
[2020-02-18 13:54:34] - INFO - play_steps= 40 49 32 59 48 39 24 16 56  winner= 1
[2020-02-18 13:56:14] - INFO - play_steps= -1 40 30 53 48 49 39 12 57 21 66  winner= 1
[2020-02-18 14:37:36] - INFO - play_steps= 40 31 48 51 32 41 24 16 56  winner= 1
[2020-02-18 14:44:51] - INFO - play_steps= -1 50 40 37 31 49 22 21 13 4 58 39 48 59 29 69 79 18 32 16 28 30 12 56 42 2 52  winner= 1
[2020-02-18 14:47:02] - INFO - play_steps= 40 60 32 47 48 29 24 16 56  winner= 1
[2020-02-18 14:50:25] - INFO - play_steps= -1 49 40 50 48 32 41 42 39 52 38 61 37  winner= 1
[2020-02-18 14:54:28] - INFO - play_steps= 40 41 30 31 50 20 60 70 21 56 39 38 48 12 57  winner= 1
[2020-02-18 15:16:40] - INFO - play_steps= 40 75 48 57 32 67 56 24 64  winner= 1
[2020-02-18 15:21:46] - INFO - play_steps= -1 37 40 48 31 13 49 22 58 67 41 21 39 29 5 45  winner= 2
[2020-02-18 15:29:41] - INFO - play_steps= 40 23 48 4 32 24 56 64 31 22 21 26 25 30 49 67 58 5 41 6 51 11 61  winner= 1
[2020-02-18 15:35:51] - INFO - play_steps= -1 30 40 39 48 31 32 56 24 16 64 41 51 47 21 23 15 55  winner= 2
[2020-02-18 15:40:19] - INFO - play_steps= 40 63 50 39 30 60 20 10 32 31 59 47 23 55  winner= 2
[2020-02-18 16:02:24] - INFO - play_steps= 40 24 50 31 30 51 20 10 60  winner= 1
[2020-02-18 16:06:03] - INFO - play_steps= -1 22 40 29 32 39 48 17 24 16 56  winner= 1
[2020-02-18 16:09:04] - INFO - play_steps= 40 41 48 30 32 24 56 22 64  winner= 1
[2020-02-18 16:16:18] - INFO - play_steps= -1 14 40 13 32 24 48 33 56 64 16 41 49 31 58 43 67 76 22 23 12 3  winner= 2
[2020-02-18 16:21:36] - INFO - play_steps= 40 43 32 49 48 24 56 64 31 13 30 25 33 52 29  winner= 1
[2020-02-18 16:47:39] - INFO - play_steps= 40 50 48 21 32 56 24 16 31 5 49 13 58 22 67  winner= 1
[2020-02-18 16:50:33] - INFO - play_steps= -1 31 40 41 48 21 32 51 24 11  winner= 2
[2020-02-18 16:53:29] - INFO - play_steps= 40 36 48 18 32 30 24 16 56  winner= 1
[2020-02-18 16:56:57] - INFO - play_steps= -1 49 40 33 41 21 39 38 42 52 43  winner= 1
[2020-02-18 17:01:28] - INFO - play_steps= 40 37 30 36 50 20 60 70 48 56 39 38 21 12 57  winner= 1
[2020-02-18 19:02:28] - INFO - play_steps= -1 40 39 50 30 48 58 32 56 24 16 49 47 51 52 41 59 23 14 57 33 65 73 22 21 25 26 12 13 42 2 15 11 5 60 7 46 38 76 68 61 62 43 31 70 34 79  winner= 1
[2020-02-18 17:24:39] - INFO - play_steps= 40 50 42 41 32 59 24 68 77 48 22 49 12 51 52  winner= 1
[2020-02-18 17:27:33] - INFO - play_steps= 40 50 42 41 32 59 24 68 77 48 49 58 38 31 21 39 22 12 23 25 20  winner= 1
[2020-02-18 17:36:29] - INFO - play_steps= 39 40 41 31 49 22 59 13 4 29 69 79 57 65 68 50 67 66 70 30 71  winner= 1
[2020-02-18 17:37:59] - INFO - play_steps= -1 40 39 50 31 30 20 60 70 10 23 15 47 55 29 49 38 58 11  winner= 1
[2020-02-18 17:40:15] - INFO - play_steps= 39 40 22 32 31 48 24 56 64 23 41 51 49 14 33 5 57 65 25  winner= 1
[2020-02-18 17:55:12] - INFO - play_steps= -1 40 39 50 31 30 20 60 70 10 23 15 47 55 21 22 38 49 29 46 11  winner= 1
[2020-02-18 18:01:30] - INFO - play_steps= -1 40 39 50 49 30 20 60 70 29 31 10 41 51 33 25 23 61 47 55 15  winner= 1
[2020-02-19 00:14:30] - INFO - 1-[40, 53, 4, 51, 48, 50, 32, 49, 52, 56, 22, 16, 31, 13, 12, 21, 29, 55, 45, 24, 42]
[2020-02-19 00:14:49] - INFO - 2-[40, 49, 50, 30, 48, 32, 31, 39, 76, 54, 58, 59, 44, 9, 69, 29, 19, 22, 79, 38, 23, 14, 74, 46]
[2020-02-19 00:15:06] - INFO - 2-[68, 66, 36, 40, 50, 26, 49, 31, 32, 39, 41, 59, 52, 44, 18, 23, 2, 47, 24, 15]
[2020-02-19 00:15:22] - INFO - 2-[62, 40, 50, 32, 48, 19, 42, 49, 31, 58, 67, 39, 41, 29, 59, 9]
[2020-02-19 00:15:34] - INFO - 1-[40, 41, 3, 39, 32, 30, 48, 37, 67, 80, 24, 16, 56]
[2020-02-19 00:18:51] - INFO - 1-[40, 32, 30, 48, 50, 60, 20, 10, 24, 70, 41, 22, 42, 56, 33, 39, 38, 14, 34, 4, 57, 69, 49, 18, 65]
[2020-02-19 00:19:02] - INFO - 1-[22, 40, 50, 49, 30, 31, 58, 39, 66, 77, 42, 38, 74]
[2020-02-19 00:19:11] - INFO - 2-[40, 48, 47, 31, 3, 30, 39, 32, 55, 29, 25, 33]
[2020-02-19 00:19:25] - INFO - 2-[40, 31, 50, 39, 30, 60, 20, 10, 41, 23, 70, 66, 47, 15, 54, 7]
[2020-02-19 00:19:38] - INFO - 1-[43, 15, 44, 40, 39, 50, 30, 31, 21, 41, 12, 72, 66, 42, 58, 33, 3]
[2020-02-19 00:19:57] - INFO - 2-[54, 40, 56, 30, 60, 20, 10, 50, 59, 48, 79, 39, 57, 58, 49, 15, 34, 41, 32, 42, 63, 38]
[2020-02-19 00:20:06] - INFO - 1-[40, 44, 50, 30, 32, 45, 48, 5, 24, 21, 56]
[2020-02-19 00:20:26] - INFO - 2-[40, 20, 30, 9, 50, 39, 60, 70, 32, 49, 29, 31, 23, 25, 59, 41, 69, 38, 79, 16, 27, 33, 21, 57]
[2020-02-19 00:20:38] - INFO - 1-[40, 4, 48, 31, 66, 32, 30, 39, 50, 20, 60, 35, 70]
[2020-02-19 00:20:50] - INFO - 2-[72, 40, 50, 55, 32, 41, 59, 39, 23, 60, 24, 42, 30, 43]
[2020-02-19 00:20:58] - INFO - 1-[40, 39, 50, 53, 30, 0, 20, 60, 10]
[2020-02-19 00:21:07] - INFO - 1-[40, 1, 50, 49, 52, 80, 30, 57, 60, 65, 20]
[2020-02-19 00:21:18] - INFO - 2-[40, 41, 48, 32, 80, 50, 23, 59, 24, 68]
[2020-02-19 00:21:29] - INFO - 1-[63, 40, 39, 31, 49, 77, 50, 26, 29, 9, 59, 68, 69]
[2020-02-19 00:21:44] - INFO - 2-[40, 48, 30, 60, 50, 20, 58, 59, 49, 67, 31, 22, 10, 19, 13, 21, 6, 23]
[2020-02-19 00:21:58] - INFO - 1-[67, 36, 40, 48, 30, 50, 49, 31, 55, 41, 46, 59, 58, 69, 76]
[2020-02-19 00:22:09] - INFO - 1-[40, 64, 30, 50, 32, 26, 48, 56, 24, 10, 16]
[2020-02-19 00:22:25] - INFO - 2-[0, 24, 40, 50, 32, 31, 14, 41, 33, 21, 22, 49, 20, 51, 34, 80, 48, 11]
[2020-02-19 00:22:36] - INFO - 2-[40, 39, 57, 51, 30, 50, 32, 31, 48, 52, 24, 53, 69, 49]
[2020-02-19 00:22:47] - INFO - 2-[22, 60, 65, 40, 32, 50, 39, 63, 42, 30, 12, 70]
[2020-02-19 00:28:38] - INFO - 1-[40, 11, 30, 39, 50, 60, 20, 71, 48, 18, 63, 46, 2, 51, 17, 70, 10]
[2020-02-19 00:29:44] - INFO - 2-[40, 39, 50, 71, 30, 60, 20, 10, 70, 31, 48, 23, 67, 35, 49, 47, 51, 55]
[2020-02-19 00:29:44] - INFO - batch 1, episode_len=18: 
[2020-02-19 00:29:55] - INFO - 2-[42, 40, 32, 50, 61, 30, 41, 60, 51, 44, 68, 34, 52, 20]
[2020-02-19 00:29:55] - INFO - batch 2, episode_len=14: 
[2020-02-19 00:30:11] - INFO - 1-[40, 43, 50, 41, 72, 48, 30, 20, 60, 70, 31, 51, 15, 21, 22, 11, 49, 13, 58]
[2020-02-19 00:30:11] - INFO - batch 3, episode_len=19: 
[2020-02-19 00:30:25] - INFO - 1-[70, 23, 40, 49, 50, 15, 71, 39, 41, 31, 47, 58, 7, 30, 59, 57, 68, 21, 77]
[2020-02-19 00:30:25] - INFO - batch 4, episode_len=19: 
[2020-02-19 00:30:40] - INFO - 1-[40, 61, 50, 30, 72, 31, 32, 79, 48, 24, 41, 39, 33, 22, 23, 6, 59]
[2020-02-19 00:30:40] - INFO - batch 5, episode_len=17: 
[2020-02-19 00:30:51] - INFO - 2-[40, 62, 50, 30, 32, 29, 78, 31, 24, 28, 57, 27]
[2020-02-19 00:30:51] - INFO - batch 6, episode_len=12: 
[2020-02-19 00:31:03] - INFO - 1-[40, 47, 30, 50, 68, 41, 48, 32, 39, 17, 57, 67, 21]
[2020-02-19 00:31:03] - INFO - batch 7, episode_len=13: 
[2020-02-19 00:31:16] - INFO - 1-[40, 50, 48, 32, 41, 31, 39, 54, 80, 49, 38, 64, 42]
[2020-02-19 00:31:16] - INFO - batch 8, episode_len=13: 
[2020-02-19 00:31:25] - INFO - 1-[40, 48, 50, 31, 30, 38, 20, 7, 60]
[2020-02-19 00:31:25] - INFO - batch 9, episode_len=09: 
[2020-02-19 00:31:48] - INFO - 2-[40, 49, 32, 48, 50, 47, 27, 46, 3, 45]
[2020-02-19 00:31:48] - INFO - batch 1, episode_len=10: 
[2020-02-19 00:31:58] - INFO - 1-[40, 41, 50, 30, 48, 49, 32, 61, 56, 26, 67, 44, 24]
[2020-02-19 00:31:58] - INFO - batch 2, episode_len=13: 
[2020-02-19 00:32:18] - INFO - 2-[78, 40, 50, 31, 36, 49, 22, 24, 56, 28, 15, 58, 67, 39, 6, 54, 30, 38, 41, 23, 59, 68, 65, 27, 14, 48]
[2020-02-19 00:32:18] - INFO - batch 3, episode_len=26: 
[2020-02-19 00:32:29] - INFO - 1-[5, 40, 41, 31, 49, 68, 33, 58, 18, 22, 57, 13, 65]
[2020-02-19 00:32:29] - INFO - batch 4, episode_len=13: 
[2020-02-19 00:32:36] - INFO - 1-[40, 39, 32, 45, 48, 33, 56, 64, 24]
[2020-02-19 00:32:36] - INFO - batch 5, episode_len=09: 
[2020-02-19 00:32:38] - INFO - policy_update end, loss=2.568
[2020-02-19 00:32:54] - INFO - 2-[62, 40, 50, 31, 49, 4, 48, 13, 22, 47, 57, 39, 52, 51, 30, 23, 15, 69, 65, 55]
[2020-02-19 00:32:54] - INFO - batch 6, episode_len=20: 
[2020-02-19 00:32:54] - INFO - policy_update end, loss=2.653
[2020-02-19 00:33:07] - INFO - 2-[40, 49, 51, 32, 50, 41, 68, 67, 63, 60, 11, 57, 30, 33, 73, 25]
[2020-02-19 00:33:07] - INFO - batch 7, episode_len=16: 
[2020-02-19 00:33:08] - INFO - policy_update end, loss=2.658
[2020-02-19 00:33:25] - INFO - 2-[40, 49, 32, 64, 48, 24, 56, 29, 58, 39, 59, 19, 9, 55, 41, 51, 22, 31, 50, 23, 18, 47]
[2020-02-19 00:33:25] - INFO - batch 8, episode_len=22: 
[2020-02-19 00:33:26] - INFO - policy_update end, loss=2.929
[2020-02-19 00:33:40] - INFO - 1-[40, 41, 48, 32, 54, 23, 50, 14, 15, 78, 5, 38, 30, 39, 60, 37, 20]
[2020-02-19 00:33:40] - INFO - batch 9, episode_len=17: 
[2020-02-19 00:33:40] - INFO - policy_update end, loss=2.847
[2020-02-19 00:33:55] - INFO - 1-[40, 65, 50, 41, 22, 49, 58, 27, 57, 30, 31, 13, 67, 59, 66, 24, 42, 21, 74]
[2020-02-19 00:33:55] - INFO - batch 10, episode_len=19: 
[2020-02-19 00:33:56] - INFO - policy_update end, loss=2.851
[2020-02-19 00:34:10] - INFO - 1-[40, 41, 50, 30, 32, 48, 39, 31, 24, 69, 51, 52, 38, 49, 37, 8, 36]
[2020-02-19 00:34:10] - INFO - batch 11, episode_len=17: 
[2020-02-19 00:34:10] - INFO - policy_update end, loss=2.727
[2020-02-19 00:34:24] - INFO - 1-[11, 40, 30, 31, 49, 22, 13, 38, 41, 54, 51, 48, 57, 60, 33, 61, 25]
[2020-02-19 00:34:24] - INFO - batch 12, episode_len=17: 
[2020-02-19 00:34:25] - INFO - policy_update end, loss=2.808
[2020-02-19 00:34:34] - INFO - 1-[40, 32, 50, 39, 30, 20, 60, 15, 70]
[2020-02-19 00:34:34] - INFO - batch 13, episode_len=09: 
[2020-02-19 00:34:34] - INFO - policy_update end, loss=2.751
[2020-02-19 00:34:44] - INFO - 1-[40, 30, 48, 22, 32, 56, 27, 50, 24, 60, 16]
[2020-02-19 00:34:44] - INFO - batch 14, episode_len=11: 
[2020-02-19 00:34:45] - INFO - policy_update end, loss=2.683
[2020-02-19 00:34:56] - INFO - 1-[40, 32, 30, 50, 41, 31, 49, 57, 39, 20, 38, 42, 66, 24, 37]
[2020-02-19 00:34:56] - INFO - batch 15, episode_len=15: 
[2020-02-19 00:34:57] - INFO - policy_update end, loss=2.558
[2020-02-19 00:35:15] - INFO - 2-[50, 13, 40, 48, 79, 46, 30, 60, 4, 47, 20, 10, 49, 31, 1, 39, 16, 23, 41, 55]
[2020-02-19 00:35:15] - INFO - batch 16, episode_len=20: 
[2020-02-19 00:35:16] - INFO - policy_update end, loss=2.629
[2020-02-19 00:35:35] - INFO - 2-[40, 32, 30, 61, 50, 60, 17, 20, 31, 49, 22, 9, 13, 55, 62, 4, 39, 41, 47, 33, 70, 57, 65, 25]
[2020-02-19 00:35:35] - INFO - batch 17, episode_len=24: 
[2020-02-19 00:35:36] - INFO - policy_update end, loss=2.669
[2020-02-19 00:35:48] - INFO - 1-[5, 40, 50, 49, 31, 55, 23, 62, 41, 32, 21, 13, 51, 18, 11]
[2020-02-19 00:35:48] - INFO - batch 18, episode_len=15: 
[2020-02-19 00:35:49] - INFO - policy_update end, loss=2.670
[2020-02-19 00:35:57] - INFO - 1-[40, 22, 30, 57, 50, 17, 20, 33, 60]
[2020-02-19 00:35:57] - INFO - batch 19, episode_len=09: 
[2020-02-19 00:35:57] - INFO - policy_update end, loss=2.627
[2020-02-19 00:36:13] - INFO - 2-[40, 39, 60, 79, 50, 30, 48, 57, 32, 56, 24, 16, 25, 55, 46, 59, 80, 58]
[2020-02-19 00:36:13] - INFO - batch 20, episode_len=18: 
[2020-02-19 00:36:13] - INFO - policy_update end, loss=2.797
[2020-02-19 00:36:28] - INFO - 1-[23, 40, 72, 31, 50, 0, 41, 80, 32, 59, 34, 14, 49, 47, 57, 71, 33, 2, 65]
[2020-02-19 00:36:28] - INFO - batch 21, episode_len=19: 
[2020-02-19 00:36:29] - INFO - policy_update end, loss=2.803
[2020-02-19 00:36:40] - INFO - 1-[40, 24, 50, 32, 30, 60, 38, 20, 39, 17, 41, 33, 42]
[2020-02-19 00:36:40] - INFO - batch 22, episode_len=13: 
[2020-02-19 00:36:41] - INFO - policy_update end, loss=2.716
[2020-02-19 00:36:56] - INFO - 1-[40, 48, 50, 41, 30, 20, 60, 70, 24, 45, 49, 8, 31, 29, 28, 17, 58, 39, 22]
[2020-02-19 00:36:56] - INFO - batch 23, episode_len=19: 
[2020-02-19 00:36:57] - INFO - policy_update end, loss=2.711
[2020-02-19 00:37:05] - INFO - 1-[40, 55, 50, 49, 30, 20, 60, 33, 70]
[2020-02-19 00:37:05] - INFO - batch 24, episode_len=09: 
[2020-02-19 00:37:06] - INFO - policy_update end, loss=2.616
[2020-02-19 00:37:16] - INFO - 2-[38, 40, 22, 39, 78, 32, 41, 48, 30, 56, 13, 64]
[2020-02-19 00:37:16] - INFO - batch 25, episode_len=12: 
[2020-02-19 00:37:16] - INFO - policy_update end, loss=2.643
[2020-02-19 00:37:29] - INFO - 1-[40, 31, 48, 27, 7, 32, 34, 41, 50, 23, 30, 61, 60, 39, 20]
[2020-02-19 00:37:29] - INFO - batch 26, episode_len=15: 
[2020-02-19 00:37:30] - INFO - policy_update end, loss=2.688
[2020-02-19 00:37:41] - INFO - 1-[40, 43, 32, 48, 73, 39, 30, 28, 50, 9, 20, 65, 60]
[2020-02-19 00:37:41] - INFO - batch 27, episode_len=13: 
[2020-02-19 00:37:42] - INFO - policy_update end, loss=2.628
[2020-02-19 00:37:51] - INFO - 2-[76, 40, 48, 31, 37, 49, 32, 25, 24, 22, 0, 58]
[2020-02-19 00:37:51] - INFO - batch 28, episode_len=12: 
[2020-02-19 00:37:52] - INFO - policy_update end, loss=2.648
[2020-02-19 00:38:05] - INFO - 1-[40, 39, 32, 48, 50, 42, 78, 30, 22, 70, 31, 66, 49, 19, 13]
[2020-02-19 00:38:05] - INFO - batch 29, episode_len=15: 
[2020-02-19 00:38:06] - INFO - policy_update end, loss=2.590
[2020-02-19 00:38:19] - INFO - 1-[40, 31, 48, 9, 32, 56, 37, 35, 24, 16, 39, 21, 41, 22, 38]
[2020-02-19 00:38:19] - INFO - batch 30, episode_len=15: 
[2020-02-19 00:38:19] - INFO - policy_update end, loss=2.495
[2020-02-19 00:38:37] - INFO - 2-[40, 49, 32, 48, 41, 60, 71, 47, 50, 46, 45, 59, 16, 19, 30, 20, 11, 39, 79, 29]
[2020-02-19 00:38:37] - INFO - batch 31, episode_len=20: 
[2020-02-19 00:38:38] - INFO - policy_update end, loss=2.435
[2020-02-19 00:38:46] - INFO - 1-[40, 31, 48, 6, 32, 49, 24, 22, 56]
[2020-02-19 00:38:46] - INFO - batch 32, episode_len=09: 
[2020-02-19 00:38:46] - INFO - policy_update end, loss=2.451
[2020-02-19 00:38:54] - INFO - 1-[40, 49, 32, 39, 48, 0, 56, 14, 24]
[2020-02-19 00:38:54] - INFO - batch 33, episode_len=09: 
[2020-02-19 00:38:55] - INFO - policy_update end, loss=2.448
[2020-02-19 00:39:06] - INFO - 1-[17, 40, 50, 31, 41, 22, 49, 13, 4, 58, 33, 16, 25]
[2020-02-19 00:39:06] - INFO - batch 34, episode_len=13: 
[2020-02-19 00:39:07] - INFO - policy_update end, loss=2.543
[2020-02-19 00:39:23] - INFO - 1-[40, 19, 32, 48, 50, 60, 57, 41, 30, 20, 31, 33, 22, 58, 45, 9, 13, 62, 49]
[2020-02-19 00:39:23] - INFO - batch 35, episode_len=19: 
[2020-02-19 00:39:24] - INFO - policy_update end, loss=2.466
[2020-02-19 00:39:33] - INFO - 1-[40, 58, 30, 50, 48, 39, 56, 33, 32, 24, 64]
[2020-02-19 00:39:33] - INFO - batch 36, episode_len=11: 
[2020-02-19 00:39:34] - INFO - policy_update end, loss=2.369
[2020-02-19 00:39:53] - INFO - 1-[40, 50, 48, 32, 41, 30, 79, 31, 33, 29, 28, 39, 49, 73, 80, 59, 0, 69, 19, 23, 65, 76, 57]
[2020-02-19 00:39:53] - INFO - batch 37, episode_len=23: 
[2020-02-19 00:39:54] - INFO - policy_update end, loss=2.464
[2020-02-19 00:40:08] - INFO - 1-[40, 61, 39, 41, 31, 78, 22, 49, 71, 29, 13, 4, 47, 33, 23, 57, 35, 34, 55]
[2020-02-19 00:40:08] - INFO - batch 38, episode_len=19: 
[2020-02-19 00:40:09] - INFO - policy_update end, loss=2.528
[2020-02-19 00:40:20] - INFO - 1-[53, 40, 49, 42, 9, 41, 39, 16, 29, 56, 59, 43, 19]
[2020-02-19 00:40:20] - INFO - batch 39, episode_len=13: 
[2020-02-19 00:40:21] - INFO - policy_update end, loss=2.495
[2020-02-19 00:40:40] - INFO - 1-[62, 40, 41, 64, 50, 31, 32, 59, 23, 14, 58, 49, 22, 19, 42, 60, 21, 34, 51, 52, 24, 78, 20]
[2020-02-19 00:40:40] - INFO - batch 40, episode_len=23: 
[2020-02-19 00:40:41] - INFO - policy_update end, loss=2.492
[2020-02-19 00:40:53] - INFO - 2-[40, 49, 50, 41, 72, 33, 57, 30, 32, 24, 23, 25, 11, 17]
[2020-02-19 00:40:53] - INFO - batch 41, episode_len=14: 
[2020-02-19 00:40:54] - INFO - policy_update end, loss=2.540
[2020-02-19 00:41:09] - INFO - 1-[44, 40, 41, 33, 31, 45, 50, 60, 30, 48, 49, 58, 51, 32, 21, 72, 11]
[2020-02-19 00:41:09] - INFO - batch 42, episode_len=17: 
[2020-02-19 00:41:10] - INFO - policy_update end, loss=2.496
[2020-02-19 00:41:18] - INFO - 1-[40, 41, 50, 47, 30, 60, 20, 75, 10]
[2020-02-19 00:41:18] - INFO - batch 43, episode_len=09: 
[2020-02-19 00:41:19] - INFO - policy_update end, loss=2.451
[2020-02-19 00:41:33] - INFO - 1-[40, 1, 48, 3, 32, 56, 24, 16, 50, 39, 29, 58, 49, 18, 51, 45, 47]
[2020-02-19 00:41:33] - INFO - batch 44, episode_len=17: 
[2020-02-19 00:41:34] - INFO - policy_update end, loss=2.565
[2020-02-19 00:42:00] - INFO - 2-[40, 39, 48, 50, 32, 24, 78, 62, 56, 64, 13, 31, 65, 47, 46, 77, 4, 15, 23, 68, 59, 51, 55, 33, 29, 35, 28, 42]
[2020-02-19 00:42:00] - INFO - batch 45, episode_len=28: 
[2020-02-19 00:42:01] - INFO - policy_update end, loss=2.522
[2020-02-19 00:42:14] - INFO - 1-[40, 80, 30, 50, 32, 68, 12, 53, 48, 66, 56, 64, 27, 23, 24]
[2020-02-19 00:42:14] - INFO - batch 46, episode_len=15: 
[2020-02-19 00:42:15] - INFO - policy_update end, loss=2.575
[2020-02-19 00:42:35] - INFO - 2-[40, 32, 30, 41, 75, 6, 50, 23, 29, 60, 20, 10, 59, 16, 31, 5, 14, 49, 57, 33, 54, 25, 80, 17]
[2020-02-19 00:42:35] - INFO - batch 47, episode_len=24: 
[2020-02-19 00:42:36] - INFO - policy_update end, loss=2.592
[2020-02-19 00:42:56] - INFO - 2-[40, 50, 48, 49, 32, 24, 75, 67, 56, 64, 22, 36, 72, 33, 68, 5, 55, 26, 31, 17, 58, 57, 39, 41, 23, 65]
[2020-02-19 00:42:56] - INFO - batch 48, episode_len=26: 
[2020-02-19 00:42:57] - INFO - policy_update end, loss=2.684
[2020-02-19 00:43:16] - INFO - 2-[22, 40, 4, 50, 30, 31, 49, 44, 53, 48, 39, 32, 24, 15, 56, 23, 14, 41, 59, 43, 79, 42]
[2020-02-19 00:43:16] - INFO - batch 49, episode_len=22: 
[2020-02-19 00:43:16] - INFO - policy_update end, loss=2.763
[2020-02-19 00:43:30] - INFO - 1-[25, 15, 66, 40, 31, 39, 41, 38, 30, 37, 36, 53, 51, 50, 21, 12, 11]
[2020-02-19 00:43:31] - INFO - batch 50, episode_len=17: 
[2020-02-19 00:43:31] - INFO - policy_update end, loss=2.633
[2020-02-19 00:45:13] - INFO - play_steps= 40 67 48 31 32 39 56 24 64  winner= 1
[2020-02-19 00:47:01] - INFO - play_steps= -1 39 40 31 48 23 32 47 56 15  winner= 2
[2020-02-19 00:48:41] - INFO - play_steps= 40 20 48 34 32 42 24 16 56  winner= 1
[2020-02-19 00:53:46] - INFO - play_steps= -1 32 40 41 50 49 30 20 60 70 57 46 33 48 47 39 59 58 56 38 65 68 73 28  winner= 2
